# JRE version: Java(TM) SE Runtime Environment (17.0.5+9) (build 17.0.5+9-LTS-191)
# Java VM: Java HotSpot(TM) 64-Bit Server VM (17.0.5+9-LTS-191, mixed mode, sharing, tiered, compressed oops, compressed class ptrs, g1 gc, windows-amd64)
GC Precious Log:
 CPUs: 4 total, 4 available
 Memory: 4012M
 Large Page Support: Disabled
 NUMA Support: Disabled
 Compressed Oops: Enabled (32-bit)
 Heap Region Size: 1M
 Heap Min Capacity: 8M
 Heap Initial Capacity: 64M
 Heap Max Capacity: 1004M
 Pre-touch: Disabled
 Parallel Workers: 4
 Concurrent Workers: 1
 Concurrent Refinement Workers: 4
 Periodic GC: Disabled
Heap:
 garbage-first heap   total 109568K, used 82088K [0x00000000c1400000, 0x0000000100000000)
  region size 1024K, 21 young (21504K), 2 survivors (2048K)
 Metaspace       used 42442K, committed 42880K, reserved 1089536K
  class space    used 5100K, committed 5312K, reserved 1048576K
GC Heap History (20 events):
Event: 8.992 GC heap before
{Heap before GC invocations=9 (full 0):
 garbage-first heap   total 51200K, used 35685K [0x00000000c1400000, 0x0000000100000000)
  region size 1024K, 25 young (25600K), 4 survivors (4096K)
 Metaspace       used 30697K, committed 31104K, reserved 1081344K
  class space    used 3664K, committed 3840K, reserved 1048576K
}
Event: 9.001 GC heap after
{Heap after GC invocations=10 (full 0):
 garbage-first heap   total 51200K, used 17885K [0x00000000c1400000, 0x0000000100000000)
  region size 1024K, 4 young (4096K), 4 survivors (4096K)
 Metaspace       used 30697K, committed 31104K, reserved 1081344K
  class space    used 3664K, committed 3840K, reserved 1048576K
}
Event: 11.588 GC heap before
{Heap before GC invocations=10 (full 0):
 garbage-first heap   total 51200K, used 36317K [0x00000000c1400000, 0x0000000100000000)
  region size 1024K, 23 young (23552K), 4 survivors (4096K)
 Metaspace       used 35836K, committed 36160K, reserved 1081344K
  class space    used 4344K, committed 4480K, reserved 1048576K
}
Event: 11.599 GC heap after
{Heap after GC invocations=11 (full 0):
 garbage-first heap   total 51200K, used 19758K [0x00000000c1400000, 0x0000000100000000)
  region size 1024K, 2 young (2048K), 2 survivors (2048K)
 Metaspace       used 35836K, committed 36160K, reserved 1081344K
  class space    used 4344K, committed 4480K, reserved 1048576K
}
Event: 17.134 GC heap before
{Heap before GC invocations=12 (full 0):
 garbage-first heap   total 51200K, used 42286K [0x00000000c1400000, 0x0000000100000000)
  region size 1024K, 20 young (20480K), 2 survivors (2048K)
 Metaspace       used 40247K, committed 40640K, reserved 1089536K
  class space    used 4990K, committed 5184K, reserved 1048576K
}
Event: 17.143 GC heap after
{Heap after GC invocations=13 (full 0):
 garbage-first heap   total 51200K, used 25846K [0x00000000c1400000, 0x0000000100000000)
  region size 1024K, 3 young (3072K), 3 survivors (3072K)
 Metaspace       used 40247K, committed 40640K, reserved 1089536K
  class space    used 4990K, committed 5184K, reserved 1048576K
}
Event: 20.931 GC heap before
{Heap before GC invocations=13 (full 0):
 garbage-first heap   total 51200K, used 31990K [0x00000000c1400000, 0x0000000100000000)
  region size 1024K, 10 young (10240K), 3 survivors (3072K)
 Metaspace       used 40801K, committed 41152K, reserved 1089536K
  class space    used 5062K, committed 5248K, reserved 1048576K
}
Event: 20.937 GC heap after
{Heap after GC invocations=14 (full 0):
 garbage-first heap   total 51200K, used 26445K [0x00000000c1400000, 0x0000000100000000)
  region size 1024K, 2 young (2048K), 2 survivors (2048K)
 Metaspace       used 40801K, committed 41152K, reserved 1089536K
  class space    used 5062K, committed 5248K, reserved 1048576K
}
Event: 28.300 GC heap before
{Heap before GC invocations=15 (full 0):
 garbage-first heap   total 56320K, used 37709K [0x00000000c1400000, 0x0000000100000000)
  region size 1024K, 9 young (9216K), 2 survivors (2048K)
 Metaspace       used 40894K, committed 41280K, reserved 1089536K
  class space    used 5063K, committed 5248K, reserved 1048576K
}
Event: 28.304 GC heap after
{Heap after GC invocations=16 (full 0):
 garbage-first heap   total 56320K, used 32047K [0x00000000c1400000, 0x0000000100000000)
  region size 1024K, 2 young (2048K), 2 survivors (2048K)
 Metaspace       used 40894K, committed 41280K, reserved 1089536K
  class space    used 5063K, committed 5248K, reserved 1048576K
}
Event: 34.859 GC heap before
{Heap before GC invocations=17 (full 0):
 garbage-first heap   total 66560K, used 41263K [0x00000000c1400000, 0x0000000100000000)
  region size 1024K, 8 young (8192K), 2 survivors (2048K)
 Metaspace       used 41059K, committed 41408K, reserved 1089536K
  class space    used 5063K, committed 5248K, reserved 1048576K
}
Event: 34.863 GC heap after
{Heap after GC invocations=18 (full 0):
 garbage-first heap   total 66560K, used 37426K [0x00000000c1400000, 0x0000000100000000)
  region size 1024K, 2 young (2048K), 2 survivors (2048K)
 Metaspace       used 41059K, committed 41408K, reserved 1089536K
  class space    used 5063K, committed 5248K, reserved 1048576K
}
Event: 47.892 GC heap before
{Heap before GC invocations=19 (full 0):
 garbage-first heap   total 75776K, used 47666K [0x00000000c1400000, 0x0000000100000000)
  region size 1024K, 8 young (8192K), 2 survivors (2048K)
 Metaspace       used 41191K, committed 41536K, reserved 1089536K
  class space    used 5068K, committed 5248K, reserved 1048576K
}
Event: 47.895 GC heap after
{Heap after GC invocations=20 (full 0):
 garbage-first heap   total 75776K, used 42740K [0x00000000c1400000, 0x0000000100000000)
  region size 1024K, 2 young (2048K), 2 survivors (2048K)
 Metaspace       used 41191K, committed 41536K, reserved 1089536K
  class space    used 5068K, committed 5248K, reserved 1048576K
}
Event: 56.430 GC heap before
{Heap before GC invocations=21 (full 0):
 garbage-first heap   total 83968K, used 57076K [0x00000000c1400000, 0x0000000100000000)
  region size 1024K, 13 young (13312K), 2 survivors (2048K)
 Metaspace       used 41581K, committed 41920K, reserved 1089536K
  class space    used 5082K, committed 5248K, reserved 1048576K
}
Event: 56.433 GC heap after
{Heap after GC invocations=22 (full 0):
 garbage-first heap   total 83968K, used 47945K [0x00000000c1400000, 0x0000000100000000)
  region size 1024K, 2 young (2048K), 2 survivors (2048K)
 Metaspace       used 41581K, committed 41920K, reserved 1089536K
  class space    used 5082K, committed 5248K, reserved 1048576K
}
Event: 92.581 GC heap before
{Heap before GC invocations=23 (full 0):
 garbage-first heap   total 92160K, used 64329K [0x00000000c1400000, 0x0000000100000000)
  region size 1024K, 15 young (15360K), 2 survivors (2048K)
 Metaspace       used 41865K, committed 42176K, reserved 1089536K
  class space    used 5089K, committed 5248K, reserved 1048576K
}
Event: 92.614 GC heap after
{Heap after GC invocations=24 (full 0):
 garbage-first heap   total 92160K, used 53320K [0x00000000c1400000, 0x0000000100000000)
  region size 1024K, 2 young (2048K), 2 survivors (2048K)
 Metaspace       used 41865K, committed 42176K, reserved 1089536K
  class space    used 5089K, committed 5248K, reserved 1048576K
}
Event: 112.273 GC heap before
{Heap before GC invocations=25 (full 0):
 garbage-first heap   total 101376K, used 70728K [0x00000000c1400000, 0x0000000100000000)
  region size 1024K, 16 young (16384K), 2 survivors (2048K)
 Metaspace       used 42125K, committed 42496K, reserved 1089536K
  class space    used 5090K, committed 5248K, reserved 1048576K
}
Event: 112.289 GC heap after
{Heap after GC invocations=26 (full 0):
 garbage-first heap   total 101376K, used 58536K [0x00000000c1400000, 0x0000000100000000)
  region size 1024K, 2 young (2048K), 2 survivors (2048K)
 Metaspace       used 42125K, committed 42496K, reserved 1089536K
  class space    used 5090K, committed 5248K, reserved 1048576K
}

