# JRE version: Java(TM) SE Runtime Environment (17.0.5+9) (build 17.0.5+9-LTS-191)
# Java VM: Java HotSpot(TM) 64-Bit Server VM (17.0.5+9-LTS-191, mixed mode, sharing, tiered, compressed oops, compressed class ptrs, g1 gc, windows-amd64)
GC Precious Log:
 CPUs: 4 total, 4 available
 Memory: 4012M
 Large Page Support: Disabled
 NUMA Support: Disabled
 Compressed Oops: Enabled (32-bit)
 Heap Region Size: 1M
 Heap Min Capacity: 8M
 Heap Initial Capacity: 64M
 Heap Max Capacity: 1004M
 Pre-touch: Disabled
 Parallel Workers: 4
 Concurrent Workers: 1
 Concurrent Refinement Workers: 4
 Periodic GC: Disabled
Heap:
 garbage-first heap   total 99328K, used 75928K [0x00000000c1400000, 0x0000000100000000)
  region size 1024K, 15 young (15360K), 1 survivors (1024K)
 Metaspace       used 40007K, committed 40384K, reserved 1089536K
  class space    used 4773K, committed 4928K, reserved 1048576K
GC Heap History (20 events):
Event: 13.194 GC heap before
{Heap before GC invocations=10 (full 0):
 garbage-first heap   total 51200K, used 36930K [0x00000000c1400000, 0x0000000100000000)
  region size 1024K, 22 young (22528K), 3 survivors (3072K)
 Metaspace       used 35353K, committed 35776K, reserved 1081344K
  class space    used 4287K, committed 4480K, reserved 1048576K
}
Event: 13.201 GC heap after
{Heap after GC invocations=11 (full 0):
 garbage-first heap   total 51200K, used 19089K [0x00000000c1400000, 0x0000000100000000)
  region size 1024K, 2 young (2048K), 2 survivors (2048K)
 Metaspace       used 35353K, committed 35776K, reserved 1081344K
  class space    used 4287K, committed 4480K, reserved 1048576K
}
Event: 13.237 GC heap before
{Heap before GC invocations=11 (full 0):
 garbage-first heap   total 51200K, used 20113K [0x00000000c1400000, 0x0000000100000000)
  region size 1024K, 4 young (4096K), 2 survivors (2048K)
 Metaspace       used 35750K, committed 36096K, reserved 1081344K
  class space    used 4352K, committed 4544K, reserved 1048576K
}
Event: 13.241 GC heap after
{Heap after GC invocations=12 (full 0):
 garbage-first heap   total 51200K, used 18918K [0x00000000c1400000, 0x0000000100000000)
  region size 1024K, 2 young (2048K), 2 survivors (2048K)
 Metaspace       used 35750K, committed 36096K, reserved 1081344K
  class space    used 4352K, committed 4544K, reserved 1048576K
}
Event: 22.368 GC heap before
{Heap before GC invocations=13 (full 0):
 garbage-first heap   total 51200K, used 39398K [0x00000000c1400000, 0x0000000100000000)
  region size 1024K, 18 young (18432K), 2 survivors (2048K)
 Metaspace       used 38318K, committed 38656K, reserved 1089536K
  class space    used 4734K, committed 4864K, reserved 1048576K
}
Event: 22.378 GC heap after
{Heap after GC invocations=14 (full 0):
 garbage-first heap   total 51200K, used 25334K [0x00000000c1400000, 0x0000000100000000)
  region size 1024K, 3 young (3072K), 3 survivors (3072K)
 Metaspace       used 38318K, committed 38656K, reserved 1089536K
  class space    used 4734K, committed 4864K, reserved 1048576K
}
Event: 29.611 GC heap before
{Heap before GC invocations=15 (full 0):
 garbage-first heap   total 55296K, used 36598K [0x00000000c1400000, 0x0000000100000000)
  region size 1024K, 10 young (10240K), 3 survivors (3072K)
 Metaspace       used 38415K, committed 38848K, reserved 1089536K
  class space    used 4735K, committed 4928K, reserved 1048576K
}
Event: 29.618 GC heap after
{Heap after GC invocations=16 (full 0):
 garbage-first heap   total 55296K, used 31041K [0x00000000c1400000, 0x0000000100000000)
  region size 1024K, 2 young (2048K), 2 survivors (2048K)
 Metaspace       used 38415K, committed 38848K, reserved 1089536K
  class space    used 4735K, committed 4928K, reserved 1048576K
}
Event: 36.441 GC heap before
{Heap before GC invocations=17 (full 0):
 garbage-first heap   total 63488K, used 40257K [0x00000000c1400000, 0x0000000100000000)
  region size 1024K, 8 young (8192K), 2 survivors (2048K)
 Metaspace       used 38560K, committed 38976K, reserved 1089536K
  class space    used 4736K, committed 4928K, reserved 1048576K
}
Event: 36.445 GC heap after
{Heap after GC invocations=18 (full 0):
 garbage-first heap   total 63488K, used 36558K [0x00000000c1400000, 0x0000000100000000)
  region size 1024K, 2 young (2048K), 2 survivors (2048K)
 Metaspace       used 38560K, committed 38976K, reserved 1089536K
  class space    used 4736K, committed 4928K, reserved 1048576K
}
Event: 48.200 GC heap before
{Heap before GC invocations=19 (full 0):
 garbage-first heap   total 73728K, used 46798K [0x00000000c1400000, 0x0000000100000000)
  region size 1024K, 8 young (8192K), 2 survivors (2048K)
 Metaspace       used 38723K, committed 39104K, reserved 1089536K
  class space    used 4741K, committed 4928K, reserved 1048576K
}
Event: 48.203 GC heap after
{Heap after GC invocations=20 (full 0):
 garbage-first heap   total 73728K, used 41698K [0x00000000c1400000, 0x0000000100000000)
  region size 1024K, 2 young (2048K), 2 survivors (2048K)
 Metaspace       used 38723K, committed 39104K, reserved 1089536K
  class space    used 4741K, committed 4928K, reserved 1048576K
}
Event: 58.388 GC heap before
{Heap before GC invocations=21 (full 0):
 garbage-first heap   total 81920K, used 57058K [0x00000000c1400000, 0x0000000100000000)
  region size 1024K, 13 young (13312K), 2 survivors (2048K)
 Metaspace       used 39136K, committed 39488K, reserved 1089536K
  class space    used 4756K, committed 4928K, reserved 1048576K
}
Event: 58.391 GC heap after
{Heap after GC invocations=22 (full 0):
 garbage-first heap   total 81920K, used 46951K [0x00000000c1400000, 0x0000000100000000)
  region size 1024K, 2 young (2048K), 2 survivors (2048K)
 Metaspace       used 39136K, committed 39488K, reserved 1089536K
  class space    used 4756K, committed 4928K, reserved 1048576K
}
Event: 96.339 GC heap before
{Heap before GC invocations=23 (full 0):
 garbage-first heap   total 91136K, used 63335K [0x00000000c1400000, 0x0000000100000000)
  region size 1024K, 15 young (15360K), 2 survivors (2048K)
 Metaspace       used 39411K, committed 39744K, reserved 1089536K
  class space    used 4762K, committed 4928K, reserved 1048576K
}
Event: 96.345 GC heap after
{Heap after GC invocations=24 (full 0):
 garbage-first heap   total 91136K, used 52306K [0x00000000c1400000, 0x0000000100000000)
  region size 1024K, 2 young (2048K), 2 survivors (2048K)
 Metaspace       used 39411K, committed 39744K, reserved 1089536K
  class space    used 4762K, committed 4928K, reserved 1048576K
}
Event: 126.490 GC heap before
{Heap before GC invocations=25 (full 0):
 garbage-first heap   total 99328K, used 83026K [0x00000000c1400000, 0x0000000100000000)
  region size 1024K, 23 young (23552K), 2 survivors (2048K)
 Metaspace       used 39832K, committed 40192K, reserved 1089536K
  class space    used 4772K, committed 4928K, reserved 1048576K
}
Event: 126.531 GC heap after
{Heap after GC invocations=26 (full 0):
 garbage-first heap   total 99328K, used 62723K [0x00000000c1400000, 0x0000000100000000)
  region size 1024K, 2 young (2048K), 2 survivors (2048K)
 Metaspace       used 39832K, committed 40192K, reserved 1089536K
  class space    used 4772K, committed 4928K, reserved 1048576K
}
Event: 127.273 GC heap before
{Heap before GC invocations=26 (full 0):
 garbage-first heap   total 99328K, used 63747K [0x00000000c1400000, 0x0000000100000000)
  region size 1024K, 4 young (4096K), 2 survivors (2048K)
 Metaspace       used 39883K, committed 40256K, reserved 1089536K
  class space    used 4773K, committed 4928K, reserved 1048576K
}
Event: 127.302 GC heap after
{Heap after GC invocations=27 (full 0):
 garbage-first heap   total 99328K, used 62616K [0x00000000c1400000, 0x0000000100000000)
  region size 1024K, 1 young (1024K), 1 survivors (1024K)
 Metaspace       used 39883K, committed 40256K, reserved 1089536K
  class space    used 4773K, committed 4928K, reserved 1048576K
}

